Determining if the pthread_create exist failed with the following output:
Change Dir: /lu1/smagri/uni/subj/pms/lecturesPlusTutorials/week8/proj/tutorial/task1/condVar/build-condVar/CMakeFiles/CMakeTmp

Run Build Command:"/usr/bin/make" "cmTC_45803/fast"
/usr/bin/make -f CMakeFiles/cmTC_45803.dir/build.make CMakeFiles/cmTC_45803.dir/build
make[1]: Entering directory '/lu1/smagri/uni/subj/pms/lecturesPlusTutorials/week8/proj/tutorial/task1/condVar/build-condVar/CMakeFiles/CMakeTmp'
Building C object CMakeFiles/cmTC_45803.dir/CheckSymbolExists.c.o
/usr/bin/cc     -o CMakeFiles/cmTC_45803.dir/CheckSymbolExists.c.o   -c /lu1/smagri/uni/subj/pms/lecturesPlusTutorials/week8/proj/tutorial/task1/condVar/build-condVar/CMakeFiles/CMakeTmp/CheckSymbolExists.c
Linking C executable cmTC_45803
/usr/bin/cmake -E cmake_link_script CMakeFiles/cmTC_45803.dir/link.txt --verbose=1
/usr/bin/cc       CMakeFiles/cmTC_45803.dir/CheckSymbolExists.c.o  -o cmTC_45803 -rdynamic 
CMakeFiles/cmTC_45803.dir/CheckSymbolExists.c.o: In function `main':
CheckSymbolExists.c:(.text+0x16): undefined reference to `pthread_create'
collect2: error: ld returned 1 exit status
CMakeFiles/cmTC_45803.dir/build.make:97: recipe for target 'cmTC_45803' failed
make[1]: *** [cmTC_45803] Error 1
make[1]: Leaving directory '/lu1/smagri/uni/subj/pms/lecturesPlusTutorials/week8/proj/tutorial/task1/condVar/build-condVar/CMakeFiles/CMakeTmp'
Makefile:126: recipe for target 'cmTC_45803/fast' failed
make: *** [cmTC_45803/fast] Error 2

File /lu1/smagri/uni/subj/pms/lecturesPlusTutorials/week8/proj/tutorial/task1/condVar/build-condVar/CMakeFiles/CMakeTmp/CheckSymbolExists.c:
/* */
#include <pthread.h>

int main(int argc, char** argv)
{
  (void)argv;
#ifndef pthread_create
  return ((int*)(&pthread_create))[argc];
#else
  (void)argc;
  return 0;
#endif
}

Determining if the function pthread_create exists in the pthreads failed with the following output:
Change Dir: /lu1/smagri/uni/subj/pms/lecturesPlusTutorials/week8/proj/tutorial/task1/condVar/build-condVar/CMakeFiles/CMakeTmp

Run Build Command:"/usr/bin/make" "cmTC_db73b/fast"
/usr/bin/make -f CMakeFiles/cmTC_db73b.dir/build.make CMakeFiles/cmTC_db73b.dir/build
make[1]: Entering directory '/lu1/smagri/uni/subj/pms/lecturesPlusTutorials/week8/proj/tutorial/task1/condVar/build-condVar/CMakeFiles/CMakeTmp'
Building C object CMakeFiles/cmTC_db73b.dir/CheckFunctionExists.c.o
/usr/bin/cc    -DCHECK_FUNCTION_EXISTS=pthread_create   -o CMakeFiles/cmTC_db73b.dir/CheckFunctionExists.c.o   -c /usr/share/cmake-3.5/Modules/CheckFunctionExists.c
Linking C executable cmTC_db73b
/usr/bin/cmake -E cmake_link_script CMakeFiles/cmTC_db73b.dir/link.txt --verbose=1
/usr/bin/cc   -DCHECK_FUNCTION_EXISTS=pthread_create    CMakeFiles/cmTC_db73b.dir/CheckFunctionExists.c.o  -o cmTC_db73b -rdynamic -lpthreads 
/usr/bin/ld: cannot find -lpthreads
collect2: error: ld returned 1 exit status
CMakeFiles/cmTC_db73b.dir/build.make:97: recipe for target 'cmTC_db73b' failed
make[1]: *** [cmTC_db73b] Error 1
make[1]: Leaving directory '/lu1/smagri/uni/subj/pms/lecturesPlusTutorials/week8/proj/tutorial/task1/condVar/build-condVar/CMakeFiles/CMakeTmp'
Makefile:126: recipe for target 'cmTC_db73b/fast' failed
make: *** [cmTC_db73b/fast] Error 2


