/gazebo_retrieve/get_loggers
/gazebo_retrieve/set_logger_level
/local_map/get_loggers
/local_map/save_map
/local_map/set_logger_level
/map_image/full/compressed/set_parameters
/map_image/full/compressedDepth/set_parameters
/map_image/full/theora/set_parameters
/map_image/tile/compressed/set_parameters
/map_image/tile/compressedDepth/set_parameters
/map_image/tile/theora/set_parameters
/map_to_image_node/get_loggers
/map_to_image_node/set_logger_level
/request_goal
/reset_positions
/rosout/get_loggers
/rosout/set_logger_level
/rqt_gui_cpp_node_15520/get_loggers
/rqt_gui_cpp_node_15520/set_logger_level
/rqt_gui_cpp_node_8567/get_loggers
/rqt_gui_cpp_node_8567/set_logger_level
/rqt_gui_py_node_15201/get_loggers
/rqt_gui_py_node_15201/set_logger_level
/rqt_gui_py_node_7667/get_loggers
/rqt_gui_py_node_7667/set_logger_level
/rviz_1514972696680933465/get_loggers
/rviz_1514972696680933465/reload_shaders
/rviz_1514972696680933465/set_logger_level
/stageros/get_loggers
/stageros/set_logger_level
/test/image/compressed/set_parameters
/test/image/compressedDepth/set_parameters
/test/image/theora/set_parameters
